[2025-10-01 13:10:03.426] [INFO] [General] FileLogger initialized. Log file: /Users/evanc/Documents/Code/CHARM/FHIR-HOSE/my_branch/FHIR-HOSE/logs/fhir-hose-2025-10-01_13-10-03.log
[2025-10-01 13:10:03.678] [INFO] [HealthKit] Clinical record HKClinicalTypeIdentifierAllergyRecord contains FHIR resource type: AllergyIntolerance
[2025-10-01 13:10:03.679] [INFO] [HealthKit] Clinical record HKClinicalTypeIdentifierConditionRecord contains FHIR resource type: Condition
[2025-10-01 13:10:03.679] [INFO] [HealthKit] Clinical record HKClinicalTypeIdentifierConditionRecord contains FHIR resource type: Condition
[2025-10-01 13:10:03.679] [INFO] [HealthKit] Clinical record HKClinicalTypeIdentifierConditionRecord contains FHIR resource type: Condition
[2025-10-01 13:10:03.679] [INFO] [HealthKit] Clinical record HKClinicalTypeIdentifierMedicationRecord contains FHIR resource type: MedicationOrder
[2025-10-01 13:10:03.679] [INFO] [HealthKit] Clinical record HKClinicalTypeIdentifierMedicationRecord contains FHIR resource type: MedicationOrder
[2025-10-01 13:10:03.680] [INFO] [HealthKit] Clinical record HKClinicalTypeIdentifierProcedureRecord contains FHIR resource type: Procedure
[2025-10-01 13:10:03.680] [INFO] [HealthKit] Clinical record HKClinicalTypeIdentifierProcedureRecord contains FHIR resource type: Procedure
[2025-10-01 13:10:03.682] [INFO] [HealthKit] Clinical record HKClinicalTypeIdentifierVitalSignRecord contains FHIR resource type: Observation
[2025-10-01 13:10:03.682] [INFO] [HealthKit] Clinical record HKClinicalTypeIdentifierVitalSignRecord contains FHIR resource type: Observation
[2025-10-01 13:10:03.682] [INFO] [HealthKit] Clinical record HKClinicalTypeIdentifierVitalSignRecord contains FHIR resource type: Observation
[2025-10-01 13:10:03.683] [INFO] [HealthKit] Clinical record HKClinicalTypeIdentifierLabResultRecord contains FHIR resource type: Observation
[2025-10-01 13:10:03.683] [INFO] [HealthKit] Clinical record HKClinicalTypeIdentifierLabResultRecord contains FHIR resource type: Observation
[2025-10-01 13:10:03.683] [INFO] [HealthKit] Clinical record HKClinicalTypeIdentifierLabResultRecord contains FHIR resource type: Observation
[2025-10-01 13:10:03.880] [INFO] [Charmonizer] 🔄 Merging 17 HealthKit records
[2025-10-01 13:10:03.880] [INFO] [Charmonizer] 📝 Adding 17 new HealthKit records (filtered from 17 total)
[2025-10-01 13:10:03.880] [INFO] [Charmonizer] ➕ Adding HealthKit record: DateOfBirth - processed: true
[2025-10-01 13:10:03.880] [INFO] [Charmonizer]    📊 HealthKit data keys: displayName, type, value
[2025-10-01 13:10:03.880] [INFO] [Charmonizer]    ❌ No FHIR data in this HealthKit record
[2025-10-01 13:10:03.880] [INFO] [Charmonizer] ➕ Adding HealthKit record: BiologicalSex - processed: true
[2025-10-01 13:10:03.880] [INFO] [Charmonizer]    📊 HealthKit data keys: value, displayName, type
[2025-10-01 13:10:03.881] [INFO] [Charmonizer]    ❌ No FHIR data in this HealthKit record
[2025-10-01 13:10:03.881] [INFO] [Charmonizer] ➕ Adding HealthKit record: BloodType - processed: true
[2025-10-01 13:10:03.881] [INFO] [Charmonizer]    📊 HealthKit data keys: type, value, displayName
[2025-10-01 13:10:03.881] [INFO] [Charmonizer]    ❌ No FHIR data in this HealthKit record
[2025-10-01 13:10:03.881] [INFO] [Charmonizer] ➕ Adding HealthKit record: HKClinicalTypeIdentifierAllergyRecord - processed: true
[2025-10-01 13:10:03.882] [INFO] [Charmonizer]    📊 HealthKit data keys: displayName, endDate, fhirResource, type, startDate
[2025-10-01 13:10:03.882] [INFO] [Charmonizer]    ❌ No FHIR data in this HealthKit record
[2025-10-01 13:10:03.882] [INFO] [Charmonizer] ➕ Adding HealthKit record: HKClinicalTypeIdentifierConditionRecord - processed: true
[2025-10-01 13:10:03.882] [INFO] [Charmonizer]    📊 HealthKit data keys: fhirResource, startDate, type, displayName, endDate
[2025-10-01 13:10:03.882] [INFO] [Charmonizer]    ❌ No FHIR data in this HealthKit record
[2025-10-01 13:10:03.883] [INFO] [Charmonizer] ➕ Adding HealthKit record: HKClinicalTypeIdentifierConditionRecord - processed: true
[2025-10-01 13:10:03.883] [INFO] [Charmonizer]    📊 HealthKit data keys: fhirResource, type, endDate, displayName, startDate
[2025-10-01 13:10:03.883] [INFO] [Charmonizer]    ❌ No FHIR data in this HealthKit record
[2025-10-01 13:10:03.883] [INFO] [Charmonizer] ➕ Adding HealthKit record: HKClinicalTypeIdentifierConditionRecord - processed: true
[2025-10-01 13:10:03.883] [INFO] [Charmonizer]    📊 HealthKit data keys: startDate, type, displayName, fhirResource, endDate
[2025-10-01 13:10:03.883] [INFO] [Charmonizer]    ❌ No FHIR data in this HealthKit record
[2025-10-01 13:10:03.883] [INFO] [Charmonizer] ➕ Adding HealthKit record: HKClinicalTypeIdentifierMedicationRecord - processed: true
[2025-10-01 13:10:03.883] [INFO] [Charmonizer]    📊 HealthKit data keys: fhirResource, type, startDate, endDate, displayName
[2025-10-01 13:10:03.883] [INFO] [Charmonizer]    ❌ No FHIR data in this HealthKit record
[2025-10-01 13:10:03.884] [INFO] [Charmonizer] ➕ Adding HealthKit record: HKClinicalTypeIdentifierMedicationRecord - processed: true
[2025-10-01 13:10:03.884] [INFO] [Charmonizer]    📊 HealthKit data keys: type, displayName, endDate, startDate, fhirResource
[2025-10-01 13:10:03.884] [INFO] [Charmonizer]    ❌ No FHIR data in this HealthKit record
[2025-10-01 13:10:03.884] [INFO] [Charmonizer] ➕ Adding HealthKit record: HKClinicalTypeIdentifierProcedureRecord - processed: true
[2025-10-01 13:10:03.884] [INFO] [Charmonizer]    📊 HealthKit data keys: type, displayName, startDate, endDate, fhirResource
[2025-10-01 13:10:03.884] [INFO] [Charmonizer]    ❌ No FHIR data in this HealthKit record
[2025-10-01 13:10:03.884] [INFO] [Charmonizer] ➕ Adding HealthKit record: HKClinicalTypeIdentifierProcedureRecord - processed: true
[2025-10-01 13:10:03.884] [INFO] [Charmonizer]    📊 HealthKit data keys: startDate, endDate, fhirResource, type, displayName
[2025-10-01 13:10:03.884] [INFO] [Charmonizer]    ❌ No FHIR data in this HealthKit record
[2025-10-01 13:10:03.884] [INFO] [Charmonizer] ➕ Adding HealthKit record: HKClinicalTypeIdentifierVitalSignRecord - processed: true
[2025-10-01 13:10:03.884] [INFO] [Charmonizer]    📊 HealthKit data keys: fhirResource, startDate, type, displayName, endDate
[2025-10-01 13:10:03.884] [INFO] [Charmonizer]    ❌ No FHIR data in this HealthKit record
[2025-10-01 13:10:03.885] [INFO] [Charmonizer] ➕ Adding HealthKit record: HKClinicalTypeIdentifierVitalSignRecord - processed: true
[2025-10-01 13:10:03.885] [INFO] [Charmonizer]    📊 HealthKit data keys: displayName, type, startDate, endDate, fhirResource
[2025-10-01 13:10:03.885] [INFO] [Charmonizer]    ❌ No FHIR data in this HealthKit record
[2025-10-01 13:10:03.885] [INFO] [Charmonizer] ➕ Adding HealthKit record: HKClinicalTypeIdentifierVitalSignRecord - processed: true
[2025-10-01 13:10:03.885] [INFO] [Charmonizer]    📊 HealthKit data keys: endDate, type, displayName, fhirResource, startDate
[2025-10-01 13:10:03.885] [INFO] [Charmonizer]    ❌ No FHIR data in this HealthKit record
[2025-10-01 13:10:03.893] [INFO] [Charmonizer] ➕ Adding HealthKit record: HKClinicalTypeIdentifierLabResultRecord - processed: true
[2025-10-01 13:10:03.893] [INFO] [Charmonizer]    📊 HealthKit data keys: type, endDate, displayName, fhirResource, startDate
[2025-10-01 13:10:03.893] [INFO] [Charmonizer]    ❌ No FHIR data in this HealthKit record
[2025-10-01 13:10:03.893] [INFO] [Charmonizer] ➕ Adding HealthKit record: HKClinicalTypeIdentifierLabResultRecord - processed: true
[2025-10-01 13:10:03.893] [INFO] [Charmonizer]    📊 HealthKit data keys: endDate, displayName, fhirResource, startDate, type
[2025-10-01 13:10:03.893] [INFO] [Charmonizer]    ❌ No FHIR data in this HealthKit record
[2025-10-01 13:10:03.893] [INFO] [Charmonizer] ➕ Adding HealthKit record: HKClinicalTypeIdentifierLabResultRecord - processed: true
[2025-10-01 13:10:03.893] [INFO] [Charmonizer]    📊 HealthKit data keys: type, displayName, fhirResource, startDate, endDate
[2025-10-01 13:10:03.893] [INFO] [Charmonizer]    ❌ No FHIR data in this HealthKit record
[2025-10-01 13:10:03.893] [INFO] [Charmonizer] ✅ Total records after merge: 17
